%このファイルは日本語文字を含みます.
\BOOKMARK [0][-]{chapter.6}{序論}{}% 1
\BOOKMARK [1][-]{section.7}{背景}{chapter.6}% 2
\BOOKMARK [1][-]{section.8}{目的}{chapter.6}% 3
\BOOKMARK [1][-]{section.10}{関連研究}{chapter.6}% 4
\BOOKMARK [1][-]{section.11}{本論文の構成}{chapter.6}% 5
\BOOKMARK [0][-]{chapter.12}{要素技術}{}% 6
\BOOKMARK [1][-]{section.13}{トポロジカルマップ}{chapter.12}% 7
\BOOKMARK [1][-]{section.17}{シナリオ}{chapter.12}% 8
\BOOKMARK [1][-]{section.19}{Neural Network}{chapter.12}% 9
\BOOKMARK [1][-]{section.21}{Convolutional Neural Network\(CNN\)}{chapter.12}% 10
\BOOKMARK [1][-]{section.23}{You Only Look Once\(YOLO\)}{chapter.12}% 11
\BOOKMARK [0][-]{chapter.25}{トポロジカルを用いたシナリオによるナビゲーション}{}% 12
\BOOKMARK [0][-]{chapter.26}{提案手法}{}% 13
\BOOKMARK [1][-]{section.27}{提案手法の概要}{chapter.26}% 14
\BOOKMARK [1][-]{section.30}{画像の前処理}{chapter.26}% 15
\BOOKMARK [1][-]{section.34}{学習用データの作成}{chapter.26}% 16
\BOOKMARK [1][-]{section.37}{学習の結果}{chapter.26}% 17
\BOOKMARK [0][-]{chapter.39}{実験}{}% 18
\BOOKMARK [1][-]{section.40}{実験目的}{chapter.39}% 19
\BOOKMARK [1][-]{section.41}{実験の概要}{chapter.39}% 20
\BOOKMARK [1][-]{section.43}{実験装置}{chapter.39}% 21
\BOOKMARK [1][-]{section.47}{全天球カメラを用いた通路分類の検証}{chapter.39}% 22
\BOOKMARK [1][-]{section.50}{25 places to place robots in aisle classification experiments}{chapter.39}% 23
\BOOKMARK [0][-]{chapter.52}{まとめ}{}% 24
\BOOKMARK [1][-]{section*.53}{謝辞}{chapter.52}% 25
